<?xml version="1.0" encoding="UTF-8"?>
<testng-results ignored="0" total="1" passed="1" failed="0" skipped="0">
  <reporter-output>
  </reporter-output>
  <suite started-at="2023-01-30T14:49:39 IST" name="Default suite" finished-at="2023-01-30T14:49:39 IST" duration-ms="46">
    <groups>
    </groups>
    <test started-at="2023-01-30T14:49:39 IST" name="Default test" finished-at="2023-01-30T14:49:39 IST" duration-ms="46">
      <class name="com.demo.testlayer.Test1">
        <test-method signature="test1()[pri:0, instance:com.demo.testlayer.Test1@61862a7f]" started-at="2023-01-30T14:49:39 IST" name="test1" finished-at="2023-01-30T14:49:39 IST" duration-ms="11" status="PASS">
          <reporter-output>
          </reporter-output>
        </test-method> <!-- test1 -->
      </class> <!-- com.demo.testlayer.Test1 -->
    </test> <!-- Default test -->
  </suite> <!-- Default suite -->
</testng-results>
